<?xml version="1.0" encoding="UTF-8"?>
<testng-results skipped="0" failed="0" total="1" passed="1">
  <reporter-output>
  </reporter-output>
  <suite name="Default suite" duration-ms="32237" started-at="2020-04-09T12:03:40Z" finished-at="2020-04-09T12:04:12Z">
    <groups>
    </groups>
    <test name="Default test" duration-ms="32237" started-at="2020-04-09T12:03:40Z" finished-at="2020-04-09T12:04:12Z">
      <class name="com.selenium.training.Login">
        <test-method status="PASS" signature="setupSuite()[pri:0, instance:com.selenium.training.Login@7d417077]" name="setupSuite" is-config="true" duration-ms="3824" started-at="2020-04-09T17:33:40Z" finished-at="2020-04-09T17:33:44Z">
          <reporter-output>
          </reporter-output>
        </test-method> <!-- setupSuite -->
        <test-method status="PASS" signature="launch()[pri:0, instance:com.selenium.training.Login@7d417077]" name="launch" duration-ms="25592" started-at="2020-04-09T17:33:44Z" finished-at="2020-04-09T17:34:09Z">
          <reporter-output>
          </reporter-output>
        </test-method> <!-- launch -->
        <test-method status="PASS" signature="teardown()[pri:0, instance:com.selenium.training.Login@7d417077]" name="teardown" is-config="true" duration-ms="2810" started-at="2020-04-09T17:34:09Z" finished-at="2020-04-09T17:34:12Z">
          <reporter-output>
          </reporter-output>
        </test-method> <!-- teardown -->
      </class> <!-- com.selenium.training.Login -->
    </test> <!-- Default test -->
  </suite> <!-- Default suite -->
</testng-results>
